/home/j4587698/RiderProjects/TinyDb/TinyDb/TinyDb.csproj : warning NU1510: PackageReference System.Collections.Immutable 将不会删除。请考虑从依赖项中移除此包，因为可能不需要它。 [/home/j4587698/RiderProjects/TinyDb/TinyDb.Tests/TinyDb.Tests.csproj]
/home/j4587698/RiderProjects/TinyDb/TinyDb/TinyDb.csproj : warning NU1510: PackageReference System.Memory 将不会删除。请考虑从依赖项中移除此包，因为可能不需要它。 [/home/j4587698/RiderProjects/TinyDb/TinyDb.Tests/TinyDb.Tests.csproj]
/home/j4587698/RiderProjects/TinyDb/TinyDb/TinyDb.csproj : warning NU1510: PackageReference System.Threading.Channels 将不会删除。请考虑从依赖项中移除此包，因为可能不需要它。 [/home/j4587698/RiderProjects/TinyDb/TinyDb.Tests/TinyDb.Tests.csproj]
/home/j4587698/RiderProjects/TinyDb/TinyDb/TinyDb.csproj : warning NU1510: PackageReference System.Collections.Immutable 将不会删除。请考虑从依赖项中移除此包，因为可能不需要它。 [TargetFramework=net8.0]
/home/j4587698/RiderProjects/TinyDb/TinyDb/TinyDb.csproj : warning NU1510: PackageReference System.Memory 将不会删除。请考虑从依赖项中移除此包，因为可能不需要它。 [TargetFramework=net8.0]
/home/j4587698/RiderProjects/TinyDb/TinyDb/TinyDb.csproj : warning NU1510: PackageReference System.Threading.Channels 将不会删除。请考虑从依赖项中移除此包，因为可能不需要它。 [TargetFramework=net8.0]
/home/j4587698/RiderProjects/TinyDb/TinyDb.Tests/Serialization/AotMapperErrorTests.cs(35,26): warning CS8769: 参数“value”类型中引用类型的为 Null 性与实现的成员“void IDictionary.Add(object key, object? value)”不匹配(可能是由于为 Null 性特性)。 [/home/j4587698/RiderProjects/TinyDb/TinyDb.Tests/TinyDb.Tests.csproj::TargetFramework=net8.0]
/home/j4587698/RiderProjects/TinyDb/TinyDb.Tests/Concurrency/ConcurrencyTests.cs(89,15): warning CS0618: “CollectionAssertionBase<IEnumerable<UserWithIntId>, UserWithIntId>.HasCount(int, string?)”已过时:“Use Count().IsEqualTo(expectedCount) instead.” [/home/j4587698/RiderProjects/TinyDb/TinyDb.Tests/TinyDb.Tests.csproj::TargetFramework=net8.0]
/home/j4587698/RiderProjects/TinyDb/TinyDb.Tests/Core/EngineAdditionalTests.cs(43,27): warning CS8604: “DictionaryAssertion<string, BsonValue> Assert.That<string, BsonValue>(IReadOnlyDictionary<string, BsonValue> value, string? expression = null)”中的形参“value”可能传入 null 引用实参。 [/home/j4587698/RiderProjects/TinyDb/TinyDb.Tests/TinyDb.Tests.csproj::TargetFramework=net8.0]
/home/j4587698/RiderProjects/TinyDb/TinyDb.Tests/Core/EngineLargeUpdateDeleteTests.cs(59,27): warning CS8604: “DictionaryAssertion<string, BsonValue> Assert.That<string, BsonValue>(IReadOnlyDictionary<string, BsonValue> value, string? expression = null)”中的形参“value”可能传入 null 引用实参。 [/home/j4587698/RiderProjects/TinyDb/TinyDb.Tests/TinyDb.Tests.csproj::TargetFramework=net8.0]
/home/j4587698/RiderProjects/TinyDb/TinyDb.Tests/Core/CollectionPersistenceTests.cs(91,19): warning CS0618: “CollectionAssertionBase<IEnumerable<string>, string>.HasCount(int, string?)”已过时:“Use Count().IsEqualTo(expectedCount) instead.” [/home/j4587698/RiderProjects/TinyDb/TinyDb.Tests/TinyDb.Tests.csproj::TargetFramework=net8.0]
/home/j4587698/RiderProjects/TinyDb/TinyDb.Tests/Core/EngineIntegrationTests.cs(53,27): warning CS8604: “DictionaryAssertion<string, BsonValue> Assert.That<string, BsonValue>(IReadOnlyDictionary<string, BsonValue> value, string? expression = null)”中的形参“value”可能传入 null 引用实参。 [/home/j4587698/RiderProjects/TinyDb/TinyDb.Tests/TinyDb.Tests.csproj::TargetFramework=net8.0]
/home/j4587698/RiderProjects/TinyDb/TinyDb.Tests/Core/TransactionACIDTests.cs(73,15): warning CS0618: “CollectionAssertionBase<IEnumerable<int>, int>.HasCount(int, string?)”已过时:“Use Count().IsEqualTo(expectedCount) instead.” [/home/j4587698/RiderProjects/TinyDb/TinyDb.Tests/TinyDb.Tests.csproj::TargetFramework=net8.0]
/home/j4587698/RiderProjects/TinyDb/TinyDb.Tests/Core/TransactionACIDTests.cs(86,15): warning CS0618: “CollectionAssertionBase<IEnumerable<UserWithIntId>, UserWithIntId>.HasCount(int, string?)”已过时:“Use Count().IsEqualTo(expectedCount) instead.” [/home/j4587698/RiderProjects/TinyDb/TinyDb.Tests/TinyDb.Tests.csproj::TargetFramework=net8.0]
/home/j4587698/RiderProjects/TinyDb/TinyDb.Tests/Core/TransactionACIDTests.cs(161,15): warning CS0618: “CollectionAssertionBase<IEnumerable<UserWithIntId>, UserWithIntId>.HasCount(int, string?)”已过时:“Use Count().IsEqualTo(expectedCount) instead.” [/home/j4587698/RiderProjects/TinyDb/TinyDb.Tests/TinyDb.Tests.csproj::TargetFramework=net8.0]
/home/j4587698/RiderProjects/TinyDb/TinyDb.Tests/Integration/EndToEndDatabaseTests.cs(97,19): warning CS0618: “CollectionAssertionBase<IEnumerable<Order>, Order>.HasCount(int, string?)”已过时:“Use Count().IsEqualTo(expectedCount) instead.” [/home/j4587698/RiderProjects/TinyDb/TinyDb.Tests/TinyDb.Tests.csproj::TargetFramework=net8.0]
/home/j4587698/RiderProjects/TinyDb/TinyDb.Tests/Index/BTreeDeleteStressTests.cs(55,31): warning CS8604: “DictionaryAssertion<string, BsonValue> Assert.That<string, BsonValue>(IReadOnlyDictionary<string, BsonValue> value, string? expression = null)”中的形参“value”可能传入 null 引用实参。 [/home/j4587698/RiderProjects/TinyDb/TinyDb.Tests/TinyDb.Tests.csproj::TargetFramework=net8.0]
/home/j4587698/RiderProjects/TinyDb/TinyDb.Tests/Core/TransactionACIDTests.cs(264,15): warning CS0618: “CollectionAssertionBase<IEnumerable<string>, string>.HasCount(int, string?)”已过时:“Use Count().IsEqualTo(expectedCount) instead.” [/home/j4587698/RiderProjects/TinyDb/TinyDb.Tests/TinyDb.Tests.csproj::TargetFramework=net8.0]
/home/j4587698/RiderProjects/TinyDb/TinyDb.Tests/Core/TransactionACIDTests.cs(272,15): warning CS0618: “CollectionAssertionBase<IEnumerable<UserWithIntId>, UserWithIntId>.HasCount(int, string?)”已过时:“Use Count().IsEqualTo(expectedCount) instead.” [/home/j4587698/RiderProjects/TinyDb/TinyDb.Tests/TinyDb.Tests.csproj::TargetFramework=net8.0]
/home/j4587698/RiderProjects/TinyDb/TinyDb.Tests/Core/TransactionACIDTests.cs(273,15): warning CS0618: “CollectionAssertionBase<IEnumerable<UserWithLongId>, UserWithLongId>.HasCount(int, string?)”已过时:“Use Count().IsEqualTo(expectedCount) instead.” [/home/j4587698/RiderProjects/TinyDb/TinyDb.Tests/TinyDb.Tests.csproj::TargetFramework=net8.0]
/home/j4587698/RiderProjects/TinyDb/TinyDb.Tests/Core/TransactionACIDTests.cs(308,19): warning CS0618: “CollectionAssertionBase<IEnumerable<UserWithIntId>, UserWithIntId>.HasCount(int, string?)”已过时:“Use Count().IsEqualTo(expectedCount) instead.” [/home/j4587698/RiderProjects/TinyDb/TinyDb.Tests/TinyDb.Tests.csproj::TargetFramework=net8.0]
/home/j4587698/RiderProjects/TinyDb/TinyDb.Tests/Index/BTreeBoundaryTests.cs(287,15): warning CS0618: “CollectionAssertionBase<IEnumerable<BsonValue>, BsonValue>.HasCount(int, string?)”已过时:“Use Count().IsEqualTo(expectedCount) instead.” [/home/j4587698/RiderProjects/TinyDb/TinyDb.Tests/TinyDb.Tests.csproj::TargetFramework=net8.0]
/home/j4587698/RiderProjects/TinyDb/TinyDb.Tests/Index/BTreeBoundaryTests.cs(293,15): warning CS0618: “CollectionAssertionBase<IEnumerable<BsonValue>, BsonValue>.HasCount(int, string?)”已过时:“Use Count().IsEqualTo(expectedCount) instead.” [/home/j4587698/RiderProjects/TinyDb/TinyDb.Tests/TinyDb.Tests.csproj::TargetFramework=net8.0]
/home/j4587698/RiderProjects/TinyDb/TinyDb.Tests/Core/TransactionACIDTests.cs(438,15): warning CS0618: “CollectionAssertionBase<IEnumerable<int>, int>.HasCount(int, string?)”已过时:“Use Count().IsEqualTo(expectedCount) instead.” [/home/j4587698/RiderProjects/TinyDb/TinyDb.Tests/TinyDb.Tests.csproj::TargetFramework=net8.0]
/home/j4587698/RiderProjects/TinyDb/TinyDb.Tests/Serialization/AOTSerializationBoundaryTests.cs(81,15): warning CS0618: “CollectionAssertionBase<IEnumerable<string>, string>.HasCount(int, string?)”已过时:“Use Count().IsEqualTo(expectedCount) instead.” [/home/j4587698/RiderProjects/TinyDb/TinyDb.Tests/TinyDb.Tests.csproj::TargetFramework=net8.0]
/home/j4587698/RiderProjects/TinyDb/TinyDb.Tests/Serialization/AOTSerializationBoundaryTests.cs(85,15): warning CS0618: “CollectionAssertionBase<IReadOnlyDictionary<string, object>, KeyValuePair<string, object>>.HasCount(int, string?)”已过时:“Use Count().IsEqualTo(expectedCount) instead.” [/home/j4587698/RiderProjects/TinyDb/TinyDb.Tests/TinyDb.Tests.csproj::TargetFramework=net8.0]
/home/j4587698/RiderProjects/TinyDb/TinyDb.Tests/Serialization/AOTSerializationBoundaryTests.cs(214,15): warning CS0618: “CollectionAssertionBase<IEnumerable<string>, string>.HasCount(int, string?)”已过时:“Use Count().IsEqualTo(expectedCount) instead.” [/home/j4587698/RiderProjects/TinyDb/TinyDb.Tests/TinyDb.Tests.csproj::TargetFramework=net8.0]
/home/j4587698/RiderProjects/TinyDb/TinyDb.Tests/Serialization/AOTSerializationBoundaryTests.cs(215,15): warning CS0618: “CollectionAssertionBase<IReadOnlyDictionary<string, object>, KeyValuePair<string, object>>.HasCount(int, string?)”已过时:“Use Count().IsEqualTo(expectedCount) instead.” [/home/j4587698/RiderProjects/TinyDb/TinyDb.Tests/TinyDb.Tests.csproj::TargetFramework=net8.0]
/home/j4587698/RiderProjects/TinyDb/TinyDb.Tests/Serialization/AOTSerializationBoundaryTests.cs(350,15): warning CS0618: “CollectionAssertionBase<IEnumerable<string>, string>.HasCount(int, string?)”已过时:“Use Count().IsEqualTo(expectedCount) instead.” [/home/j4587698/RiderProjects/TinyDb/TinyDb.Tests/TinyDb.Tests.csproj::TargetFramework=net8.0]
/home/j4587698/RiderProjects/TinyDb/TinyDb.Tests/Serialization/AOTSerializationBoundaryTests.cs(357,15): warning CS0618: “CollectionAssertionBase<IEnumerable<int>, int>.HasCount(int, string?)”已过时:“Use Count().IsEqualTo(expectedCount) instead.” [/home/j4587698/RiderProjects/TinyDb/TinyDb.Tests/TinyDb.Tests.csproj::TargetFramework=net8.0]
/home/j4587698/RiderProjects/TinyDb/TinyDb.Tests/Serialization/AOTSerializationBoundaryTests.cs(364,15): warning CS0618: “CollectionAssertionBase<IReadOnlyDictionary<string, int>, KeyValuePair<string, int>>.HasCount(int, string?)”已过时:“Use Count().IsEqualTo(expectedCount) instead.” [/home/j4587698/RiderProjects/TinyDb/TinyDb.Tests/TinyDb.Tests.csproj::TargetFramework=net8.0]
/home/j4587698/RiderProjects/TinyDb/TinyDb.Tests/Serialization/AOTSerializationBoundaryTests.cs(372,15): warning CS0618: “CollectionAssertionBase<IEnumerable<List<int>>, List<int>>.HasCount(int, string?)”已过时:“Use Count().IsEqualTo(expectedCount) instead.” [/home/j4587698/RiderProjects/TinyDb/TinyDb.Tests/TinyDb.Tests.csproj::TargetFramework=net8.0]
/home/j4587698/RiderProjects/TinyDb/TinyDb.Tests/Storage/LargeDocumentStorageTests.cs(13,34): warning TUnit0023: _pageManager should be disposed within a clean up method [/home/j4587698/RiderProjects/TinyDb/TinyDb.Tests/TinyDb.Tests.csproj::TargetFramework=net8.0]
/home/j4587698/RiderProjects/TinyDb/TinyDb.Tests/TestCollectionCreation.cs(20,9): warning TUnit0018: Test methods should not assign instance data [/home/j4587698/RiderProjects/TinyDb/TinyDb.Tests/TinyDb.Tests.csproj::TargetFramework=net8.0]
/home/j4587698/RiderProjects/TinyDb/TinyDb.Tests/TestCollectionCreation.cs(57,9): warning TUnit0018: Test methods should not assign instance data [/home/j4587698/RiderProjects/TinyDb/TinyDb.Tests/TinyDb.Tests.csproj::TargetFramework=net8.0]
/home/j4587698/RiderProjects/TinyDb/TinyDb.Tests/TestCollectionCreation.cs(97,9): warning TUnit0018: Test methods should not assign instance data [/home/j4587698/RiderProjects/TinyDb/TinyDb.Tests/TinyDb.Tests.csproj::TargetFramework=net8.0]

████████╗██╗   ██╗███╗   ██╗██╗████████╗
╚══██╔══╝██║   ██║████╗  ██║██║╚══██╔══╝
   ██║   ██║   ██║██╔██╗ ██║██║   ██║
   ██║   ██║   ██║██║╚██╗██║██║   ██║
   ██║   ╚██████╔╝██║ ╚████║██║   ██║
   ╚═╝    ╚═════╝ ╚═╝  ╚═══╝╚═╝   ╚═╝

   TUnit v1.6.25.0 | 64-bit | Ubuntu 24.04.3 LTS | ubuntu.24.04-x64 | .NET 8.0.22 | Microsoft Testing Platform v2.0.2

   Engine Mode: SourceGenerated

[+0/x0/?0] TinyDb.Tests.dll (net8.0|x64)(3s)

失败 FindAll_Should_Handle_Page_Read_Error_By_Skipping (114ms)
  TUnit.Engine.Exceptions.TestFailedException: IOException: The process cannot access the file '/tmp/eng_corrupt_0fa861cc381048e6bae44a4c7ca3cc5b.db' because it is being used by another process.
    在 Microsoft.Win32.SafeHandles.SafeFileHandle.Init(String path, FileMode mode, FileAccess access, FileShare share, FileOptions options, Int64 preallocationSize, Int64& fileLength, UnixFileMode& filePermissions)
    在 Microsoft.Win32.SafeHandles.SafeFileHandle.Open(String fullPath, FileMode mode, FileAccess access, FileShare share, FileOptions options, Int64 preallocationSize, UnixFileMode openPermissions, Int64& fileLength, UnixFileMode& filePermissions, Boolean failForSymlink, Boolean& wasSymlink, Func`4 createOpenException)
    在 System.IO.Strategies.OSFileStreamStrategy..ctor(String path, FileMode mode, FileAccess access, FileShare share, FileOptions options, Int64 preallocationSize, Nullable`1 unixCreateMode)
    在 System.IO.FileStream..ctor(String path, FileMode mode, FileAccess access, FileShare share, Int32 bufferSize, FileOptions options, Int64 preallocationSize)
    在 System.IO.FileStream..ctor(String path, FileMode mode, FileAccess access, FileShare share)
    在 TinyDb.Tests.Core.EngineCorruptPageTests.FindAll_Should_Handle_Page_Read_Error_By_Skipping() 位于 /home/j4587698/RiderProjects/TinyDb/TinyDb.Tests/Core/EngineCorruptPageTests.cs:39
[+139/x1/?0] TinyDb.Tests.dll (net8.0|x64) - 正在运行 4 测试 (6s)

[+340/x1/?0] TinyDb.Tests.dll (net8.0|x64) - 正在运行 16 测试 (9s)

[+537/x1/?0] TinyDb.Tests.dll (net8.0|x64) - 正在运行 3 测试 (12s)

[+539/x1/?0] TinyDb.Tests.dll (net8.0|x64) - Execute_With_Large_Dataset_Should_Perform_Well (15s)

[+541/x1/?0] TinyDb.Tests.dll (net8.0|x64) - ConcurrentInserts_ShouldBeThreadSafe (18s)

[+541/x1/?0] TinyDb.Tests.dll (net8.0|x64) - ConcurrentInserts_ShouldBeThreadSafe (21s)

[+547/x1/?0] TinyDb.Tests.dll (net8.0|x64) - Database_Should_Recover_From_Abnormal_Shutdown (24s)

[+547/x1/?0] TinyDb.Tests.dll (net8.0|x64) - Database_Should_Recover_From_Abnormal_Shutdown (27s)

[+570/x1/?0] TinyDb.Tests.dll (net8.0|x64) - AutoStringGuidId_ShouldGenerateGuidV7String (30s)


测试运行摘要: 失败! - /home/j4587698/RiderProjects/TinyDb/TinyDb.Tests/bin/Debug/net8.0/TinyDb.Tests.dll (net8.0|x64)
  总计: 619
  失败: 1
  成功: 618
  已跳过: 0
  持续时间: 31s 753ms
